<?xml version="1.0" encoding="UTF-8"?>
<!-- Generated by org.testng.reporters.JUnitReportReporter -->
<testsuite hostname="LAPTOP-G55EPSIO" failures="0" tests="5" name="testcase.TC01" time="114.577" errors="0" timestamp="2023-08-27T21:24:23 IST" skipped="0">
  <testcase classname="testcase.TC01" name="verifyMouseHover" time="28.631"/>
  <system-out/>
  <testcase classname="testcase.TC01" name="verifyScrollDown" time="15.176"/>
  <system-out/>
  <testcase classname="testcase.TC01" name="verifyGetWindowHandle" time="25.134"/>
  <system-out/>
  <testcase classname="testcase.TC01" name="verifyLoginWithcrednt" time="24.785"/>
  <system-out/>
  <testcase classname="testcase.TC01" name="verifySearchBar" time="20.851"/>
  <system-out/>
</testsuite> <!-- testcase.TC01 -->
